[debug] [2025-11-26T17:57:11.692Z] ----------------------------------------------------------------------
[debug] [2025-11-26T17:57:11.694Z] Command:       C:\Program Files\nodejs\node.exe C:\Users\TI\AppData\Roaming\npm\node_modules\firebase-tools\lib\bin\firebase.js use --add
[debug] [2025-11-26T17:57:11.695Z] CLI Version:   14.17.0
[debug] [2025-11-26T17:57:11.695Z] Platform:      win32
[debug] [2025-11-26T17:57:11.695Z] Node Version:  v22.18.0
[debug] [2025-11-26T17:57:11.695Z] Time:          Wed Nov 26 2025 11:57:11 GMT-0600 (hora estándar central)
[debug] [2025-11-26T17:57:11.695Z] ----------------------------------------------------------------------
[debug] 
[debug] [2025-11-26T17:57:11.849Z] > command requires scopes: ["email","openid","https://www.googleapis.com/auth/cloudplatformprojects.readonly","https://www.googleapis.com/auth/firebase","https://www.googleapis.com/auth/cloud-platform"]
[debug] [2025-11-26T17:57:11.850Z] > authorizing via signed-in user (al441193@uaeh.edu.mx)
[debug] [2025-11-26T17:57:11.851Z] Checked if tokens are valid: false, expires at: 1760027673937
[debug] [2025-11-26T17:57:11.851Z] Checked if tokens are valid: false, expires at: 1760027673937
[debug] [2025-11-26T17:57:11.851Z] > refreshing access token with scopes: []
[debug] [2025-11-26T17:57:11.852Z] >>> [apiv2][query] POST https://www.googleapis.com/oauth2/v3/token [none]
[debug] [2025-11-26T17:57:11.852Z] >>> [apiv2][body] POST https://www.googleapis.com/oauth2/v3/token [omitted]
[debug] [2025-11-26T17:57:12.064Z] <<< [apiv2][status] POST https://www.googleapis.com/oauth2/v3/token 200
[debug] [2025-11-26T17:57:12.065Z] <<< [apiv2][body] POST https://www.googleapis.com/oauth2/v3/token [omitted]
[debug] [2025-11-26T17:57:12.075Z] >>> [apiv2][query] GET https://firebase.googleapis.com/v1beta1/projects pageSize=1000
[debug] [2025-11-26T17:57:12.431Z] <<< [apiv2][status] GET https://firebase.googleapis.com/v1beta1/projects 200
[debug] [2025-11-26T17:57:12.431Z] <<< [apiv2][body] GET https://firebase.googleapis.com/v1beta1/projects [omitted]
[debug] [2025-11-26T17:57:12.552Z] ValidationError: [select prompt] No selectable choices. All choices are disabled.
    at C:\Users\TI\AppData\Roaming\npm\node_modules\firebase-tools\node_modules\@inquirer\select\dist\commonjs\index.js:60:19
    at C:\Users\TI\AppData\Roaming\npm\node_modules\firebase-tools\node_modules\@inquirer\core\dist\commonjs\lib\use-memo.js:11:27
    at withPointer (C:\Users\TI\AppData\Roaming\npm\node_modules\firebase-tools\node_modules\@inquirer\core\dist\commonjs\lib\hook-engine.js:79:25)
    at useMemo (C:\Users\TI\AppData\Roaming\npm\node_modules\firebase-tools\node_modules\@inquirer\core\dist\commonjs\lib\use-memo.js:6:45)
    at C:\Users\TI\AppData\Roaming\npm\node_modules\firebase-tools\node_modules\@inquirer\select\dist\commonjs\index.js:56:39
    at C:\Users\TI\AppData\Roaming\npm\node_modules\firebase-tools\node_modules\@inquirer\core\dist\commonjs\lib\create-prompt.js:120:38
    at store.handleChange (C:\Users\TI\AppData\Roaming\npm\node_modules\firebase-tools\node_modules\@inquirer\core\dist\commonjs\lib\hook-engine.js:31:17)
    at cycle (C:\Users\TI\AppData\Roaming\npm\node_modules\firebase-tools\node_modules\@inquirer\core\dist\commonjs\lib\hook-engine.js:33:19)
    at C:\Users\TI\AppData\Roaming\npm\node_modules\firebase-tools\node_modules\@inquirer\core\dist\commonjs\lib\create-prompt.js:118:13
    at C:\Users\TI\AppData\Roaming\npm\node_modules\firebase-tools\node_modules\@inquirer\core\dist\commonjs\lib\hook-engine.js:35:16
[error] 
[error] Error: An unexpected error has occurred.
